[MCDR] [2020-05-23 15:54:04] [MainThread/INFO]: 语言已设置为 zh_cn
[MCDR] [2020-05-23 15:54:04] [MainThread/INFO]: 解析器已设置为 vanilla_parser
[MCDR] [2020-05-23 15:54:04] [MainThread/INFO]: 编码 / 解码方式已设置为 utf-8 / cp936
[MCDR] [2020-05-23 15:54:04] [MainThread/INFO]: 加载插件中
[MCDR] [2020-05-23 15:54:04] [MainThread/INFO]: 插件 beep.py 已加载
[MCDR] [2020-05-23 15:54:04] [MainThread/INFO]: 插件 daycount.py 已加载
[MCDR] [2020-05-23 15:54:04] [MainThread/INFO]: 插件 deathpos.py 已加载
[MCDR] [2020-05-23 15:54:04] [MainThread/INFO]: 插件 Here.py 已加载
[MCDR] [2020-05-23 15:54:04] [MainThread/INFO]: 插件 MagicChat.py 已加载
[MCDR] [2020-05-23 15:54:04] [MainThread/INFO]: 插件 MCDRClear.py 已加载
[MCDR] [2020-05-23 15:54:04] [MainThread/INFO]: 插件 PlayerInfoAPI.py 已加载
[MCDR] [2020-05-23 15:54:04] [MainThread/INFO]: 插件 QuickBackupM.py 已加载
[MCDR] [2020-05-23 15:54:04] [MainThread/INFO]: 插件 seen.py 已加载
[MCDR] [2020-05-23 15:54:04] [MainThread/INFO]: 已加载: §79§r 个插件; 已加载插件总数: §79§r
[MCDR] [2020-05-23 15:54:04] [PT2-on_load@MCDRClear/WARNING]: 服务端已关闭，不能向其标准输入流输入指令
[MCDR] [2020-05-23 15:54:04] [PT2-on_load@MCDRClear/INFO]: [扫地] 自动清理掉落物已启动
[MCDR] [2020-05-23 15:54:04] [MainThread/INFO]: 正在启动服务端，启动参数为 "java -Xms1G -Xmx2G -jar fabric-server-launch.jar nogui"
[MCDR] [2020-05-23 15:54:04] [MainThread/INFO]: 服务端正在以 PID 8940 运行中
[MCDR] [2020-05-23 15:54:05] [CheckUpdate/INFO]: MCDR 已为最新版
[MCDR] [2020-05-23 16:25:49] [MainThread/INFO]: MCDR 已被用户终止
[MCDR] [2020-05-23 16:25:52] [Console/INFO]: 进程已终止
[MCDR] [2020-05-23 16:25:53] [Console/INFO]: 进程已终止
[MCDR] [2020-05-23 16:25:53] [Console/INFO]: 进程已终止
[MCDR] [2020-05-23 16:25:54] [Console/INFO]: 进程已终止
[MCDR] [2020-05-23 16:25:55] [Console/INFO]: 进程已终止
[MCDR] [2020-05-23 16:25:55] [Console/INFO]: 进程已终止
[MCDR] [2020-05-23 16:25:55] [Console/INFO]: 进程已终止
