[02:54:33] [main/INFO]: Loading for game Minecraft 1.15.2
[02:54:34] [main/INFO]: [FabricLoader] Loading 3 mods: minecraft@1.15.2, fabricloader@0.8.3+build.196, carpet@1.3.23
[02:54:34] [main/INFO]: SpongePowered MIXIN Subsystem Version=0.8 Source=file:/root/Mcserver-Save/server/fabric-server-launch.jar Service=Knot/Fabric Env=SERVER
[02:54:45] [main/WARN]: Ambiguity between arguments [teleport, destination] and [teleport, targets] with inputs: [Player, 0123, @e, dd12be42-52a9-4a91-a8a1-11c01849e498]
[02:54:45] [main/WARN]: Ambiguity between arguments [teleport, location] and [teleport, destination] with inputs: [0.1 -0.5 .9, 0 0 0]
[02:54:45] [main/WARN]: Ambiguity between arguments [teleport, location] and [teleport, targets] with inputs: [0.1 -0.5 .9, 0 0 0]
[02:54:45] [main/WARN]: Ambiguity between arguments [teleport, targets] and [teleport, destination] with inputs: [Player, 0123, dd12be42-52a9-4a91-a8a1-11c01849e498]
[02:54:45] [main/WARN]: Ambiguity between arguments [teleport, targets, location] and [teleport, targets, destination] with inputs: [0.1 -0.5 .9, 0 0 0]
[02:54:45] [Server thread/INFO]: Starting minecraft server version 1.15.2
[02:54:45] [Server thread/WARN]: To start the server with more ram, launch it as "java -Xmx1024M -Xms1024M -jar minecraft_server.jar"
[02:54:45] [Server thread/INFO]: Loading properties
[02:54:45] [Server thread/INFO]: Default game type: SURVIVAL
[02:54:45] [Server thread/INFO]: Generating keypair
[02:54:46] [Server thread/INFO]: Starting Minecraft server on *:25565
[02:54:46] [Server thread/INFO]: Using epoll channel type
[02:54:46] [Server thread/INFO]: Preparing level "world"
[02:54:47] [Server thread/INFO]: Reloading ResourceManager: Default
[02:55:26] [Server thread/INFO]: Loaded 6 recipes
[02:55:26] [Server thread/INFO]: Loaded 825 advancements
[02:55:27] [Server thread/INFO]: Preparing start region for dimension minecraft:overworld
[02:55:29] [Server thread/INFO]: Preparing spawn area: 0%
[02:55:29] [Server thread/INFO]: Preparing spawn area: 0%
[02:55:29] [Server thread/INFO]: Preparing spawn area: 0%
[02:55:29] [Server thread/INFO]: Preparing spawn area: 0%
[02:55:29] [Server thread/INFO]: Preparing spawn area: 0%
[02:55:29] [Server thread/INFO]: Preparing spawn area: 0%
[02:55:30] [Server thread/INFO]: Preparing spawn area: 21%
[02:55:31] [Server thread/INFO]: Time elapsed: 3962 ms
[02:55:31] [Server thread/INFO]: Done (44.406s)! For help, type "help"
[02:58:45] [User Authenticator #1/INFO]: UUID of player JensonYang2020 is 15dcab51-6fed-4360-8918-cc626ee20045
[02:58:46] [Server thread/INFO]: JensonYang2020[/98.126.214.249:49818] logged in with entity id 225 at (-193.0816043664885, 72.0, -773.9716779995358)
[02:58:46] [Server thread/INFO]: JensonYang2020 joined the game
[02:59:55] [Server thread/INFO]: <JensonYang2020> !!PCRC
[02:59:57] [Server thread/INFO]: <JensonYang2020> !!MCDR
[02:59:59] [Server thread/INFO]: <JensonYang2020> !!qd
[03:00:01] [Server thread/INFO]: <JensonYang2020> !!qb
