[09:19:09] [main/INFO]: Loading for game Minecraft 1.15.2
[09:19:09] [main/INFO]: [FabricLoader] Loading 3 mods: minecraft@1.15.2, fabricloader@0.8.3+build.196, carpet@1.3.23
[09:19:09] [main/INFO]: SpongePowered MIXIN Subsystem Version=0.8 Source=file:/D:/mcserver/fabric-server-launch.jar Service=Knot/Fabric Env=SERVER
[09:19:18] [main/WARN]: Ambiguity between arguments [teleport, destination] and [teleport, targets] with inputs: [Player, 0123, @e, dd12be42-52a9-4a91-a8a1-11c01849e498]
[09:19:18] [main/WARN]: Ambiguity between arguments [teleport, location] and [teleport, destination] with inputs: [0.1 -0.5 .9, 0 0 0]
[09:19:18] [main/WARN]: Ambiguity between arguments [teleport, location] and [teleport, targets] with inputs: [0.1 -0.5 .9, 0 0 0]
[09:19:18] [main/WARN]: Ambiguity between arguments [teleport, targets] and [teleport, destination] with inputs: [Player, 0123, dd12be42-52a9-4a91-a8a1-11c01849e498]
[09:19:18] [main/WARN]: Ambiguity between arguments [teleport, targets, location] and [teleport, targets, destination] with inputs: [0.1 -0.5 .9, 0 0 0]
[09:19:18] [Server thread/INFO]: Starting minecraft server version 1.15.2
[09:19:18] [Server thread/INFO]: Loading properties
[09:19:18] [Server thread/INFO]: Default game type: SURVIVAL
[09:19:18] [Server thread/INFO]: Generating keypair
[09:19:18] [Server thread/INFO]: Starting Minecraft server on *:25565
[09:19:18] [Server thread/INFO]: Using default channel type
[09:19:20] [Server thread/INFO]: Preparing level "world"
[09:19:20] [Server thread/INFO]: Reloading ResourceManager: Default
[09:19:21] [Server thread/INFO]: Loaded 6 recipes
[09:19:21] [Server thread/INFO]: Loaded 825 advancements
[09:19:22] [Server thread/INFO]: Preparing start region for dimension minecraft:overworld
[09:19:23] [Server thread/INFO]: Preparing spawn area: 0%
[09:19:23] [Server thread/INFO]: Preparing spawn area: 0%
[09:19:23] [Server thread/INFO]: Preparing spawn area: 0%
[09:19:23] [Server thread/INFO]: Time elapsed: 1546 ms
[09:19:23] [Server thread/INFO]: Done (2.957s)! For help, type "help"
[09:19:54] [User Authenticator #1/INFO]: UUID of player JensonYang2020 is 15dcab51-6fed-4360-8918-cc626ee20045
[09:19:55] [Server thread/INFO]: JensonYang2020[/127.0.0.1:6851] logged in with entity id 94 at (-194.5833043017871, 71.0, -764.8050975518692)
[09:19:55] [Server thread/INFO]: JensonYang2020 joined the game
[09:19:58] [User Authenticator #2/INFO]: UUID of player JensonYang2020 is 15dcab51-6fed-4360-8918-cc626ee20045
[09:19:58] [Server thread/INFO]: JensonYang2020 lost connection: You logged in from another location
[09:19:58] [Server thread/INFO]: JensonYang2020 left the game
[09:19:58] [Server thread/INFO]: JensonYang2020[/127.0.0.1:6869] logged in with entity id 333 at (-194.5833043017871, 71.0, -764.8050975518692)
[09:19:58] [Server thread/INFO]: JensonYang2020 joined the game
[09:21:00] [Server thread/INFO]: [JensonYang2020: The difficulty has been set to Hard]
[09:21:17] [Server thread/INFO]: [JensonYang2020: Stopping the server]
[09:21:17] [Server thread/INFO]: Stopping server
[09:21:17] [Server thread/INFO]: Saving players
[09:21:17] [Server thread/INFO]: Saving worlds
[09:21:17] [Server thread/INFO]: Saving chunks for level 'world'/minecraft:the_nether
[09:21:17] [Server thread/INFO]: ThreadedAnvilChunkStorage (DIM-1): All chunks are saved
[09:21:17] [Server thread/INFO]: Saving chunks for level 'world'/minecraft:the_end
[09:21:17] [Server thread/INFO]: ThreadedAnvilChunkStorage (DIM1): All chunks are saved
[09:21:17] [Server thread/INFO]: Saving chunks for level 'world'/minecraft:overworld
[09:21:18] [Server thread/INFO]: ThreadedAnvilChunkStorage (world): All chunks are saved
[09:21:18] [Server thread/INFO]: ThreadedAnvilChunkStorage (DIM-1): All chunks are saved
[09:21:18] [Server thread/INFO]: ThreadedAnvilChunkStorage (DIM1): All chunks are saved
[09:21:18] [Server thread/INFO]: ThreadedAnvilChunkStorage (world): All chunks are saved
